TN:
SF:contracts/FranchiseRegistry.sol
FN:60,FranchiseRegistry.initialize
FN:66,FranchiseRegistry._getFranchiseStorage
FN:72,FranchiseRegistry.version
FN:76,FranchiseRegistry.registerFranchise
FN:95,FranchiseRegistry.ipAssetRegistryForId
FN:108,FranchiseRegistry.isIpAssetRegistry
FN:117,FranchiseRegistry.tokenURI
FN:123,FranchiseRegistry._authorizeUpgrade
FNDA:3,FranchiseRegistry.registerFranchise
FNDA:7466,FranchiseRegistry._getFranchiseStorage
FNDA:2,FranchiseRegistry.tokenURI
FNDA:1,FranchiseRegistry.version
FNDA:0,FranchiseRegistry.initialize
FNDA:0,FranchiseRegistry._authorizeUpgrade
FNDA:13,FranchiseRegistry.isIpAssetRegistry
FNDA:7451,FranchiseRegistry.ipAssetRegistryForId
FNF:8
FNH:6
DA:61,0
DA:62,0
DA:63,0
DA:68,7466
DA:73,1
DA:77,3
DA:78,3
DA:79,3
DA:85,3
DA:86,3
DA:87,3
DA:90,3
DA:92,3
DA:98,7462
DA:99,7462
DA:109,13
DA:118,2
DA:119,1
DA:120,1
LF:19
LH:16
end_of_record
TN:
SF:contracts/access-control/AccessControlSingleton.sol
FN:22,AccessControlSingleton.initialize
FN:34,AccessControlSingleton.setRoleAdmin
FN:42,AccessControlSingleton._authorizeUpgrade
FNDA:256,AccessControlSingleton.setRoleAdmin
FNDA:257,AccessControlSingleton.initialize
FNDA:0,AccessControlSingleton._authorizeUpgrade
FNF:3
FNH:2
DA:23,257
DA:24,257
DA:25,257
DA:26,257
DA:35,256
LF:5
LH:5
end_of_record
TN:
SF:contracts/access-control/AccessControlled.sol
FN:42,AccessControlled.hasRole
FN:50,AccessControlled.setAccessControl
FNDA:0,AccessControlled.hasRole
FNDA:0,AccessControlled.setAccessControl
FNF:2
FNH:0
DA:43,0
DA:51,0
DA:52,0
DA:53,0
LF:4
LH:0
end_of_record
TN:
SF:contracts/access-control/AccessControlledUpgradeable.sol
FN:41,AccessControlledUpgradeable.__AccessControlledUpgradeable_init
FN:48,AccessControlledUpgradeable._getAccessControlledUpgradeable
FN:60,AccessControlledUpgradeable.hasRole
FN:69,AccessControlledUpgradeable.setAccessControl
FN:76,AccessControlledUpgradeable.getAccessControl
FNDA:0,AccessControlledUpgradeable.getAccessControl
FNDA:4,AccessControlledUpgradeable._getAccessControlledUpgradeable
FNDA:4,AccessControlledUpgradeable.hasRole
FNDA:0,AccessControlledUpgradeable.setAccessControl
FNDA:0,AccessControlledUpgradeable.__AccessControlledUpgradeable_init
FNF:5
FNH:2
DA:42,0
DA:43,0
DA:44,0
DA:45,0
DA:50,4
DA:61,4
DA:62,4
DA:70,0
DA:71,0
DA:72,0
DA:73,0
DA:77,0
DA:78,0
LF:13
LH:3
end_of_record
TN:
SF:contracts/ip-accounts/IPAccountImpl.sol
FN:34,IPAccountImpl.supportsInterface
FN:44,IPAccountImpl.token
FN:71,IPAccountImpl.isValidSignature
FN:87,IPAccountImpl.isValidSigner
FN:95,IPAccountImpl.owner
FN:101,IPAccountImpl._isValidSigner
FN:108,IPAccountImpl.safeTransferFrom
FN:115,IPAccountImpl.sendRoyaltyForDistribution
FN:122,IPAccountImpl.onERC721Received
FN:131,IPAccountImpl.onERC1155Received
FN:141,IPAccountImpl.onERC1155BatchReceived
FNDA:2,IPAccountImpl.safeTransferFrom
FNDA:2,IPAccountImpl.sendRoyaltyForDistribution
FNDA:0,IPAccountImpl.owner
FNDA:6,IPAccountImpl.onERC1155Received
FNDA:4,IPAccountImpl._isValidSigner
FNDA:0,IPAccountImpl.supportsInterface
FNDA:2,IPAccountImpl.isValidSigner
FNDA:0,IPAccountImpl.isValidSignature
FNDA:2,IPAccountImpl.onERC721Received
FNDA:0,IPAccountImpl.onERC1155BatchReceived
FNDA:2,IPAccountImpl.token
FNF:11
FNH:7
DA:35,0
DA:54,6
DA:68,6
DA:76,0
DA:77,0
DA:78,0
DA:81,0
DA:88,2
DA:89,2
DA:92,0
DA:96,4
DA:97,4
DA:98,4
DA:102,4
DA:109,2
DA:110,1
DA:111,1
DA:116,2
DA:128,2
DA:138,6
DA:148,0
LF:21
LH:14
end_of_record
TN:
SF:contracts/ip-accounts/IPAccountRegistry.sol
FN:17,IPAccountRegistry.createAccount
FN:47,IPAccountRegistry.account
FN:66,IPAccountRegistry.getIPAccountImpl
FN:70,IPAccountRegistry._getCreationCode
FNDA:26,IPAccountRegistry.account
FNDA:41,IPAccountRegistry._getCreationCode
FNDA:0,IPAccountRegistry.getIPAccountImpl
FNDA:15,IPAccountRegistry.createAccount
FNF:4
FNH:3
DA:23,15
DA:31,15
DA:33,15
DA:35,12
DA:37,12
DA:39,12
DA:40,2
DA:41,2
DA:44,11
DA:52,26
DA:62,26
DA:67,0
DA:77,41
DA:103,41
LF:14
LH:13
end_of_record
TN:
SF:contracts/ip-assets/IPAssetRegistry.sol
FN:55,IPAssetRegistry.initialize
FN:69,IPAssetRegistry._getIPAssetRegistryStorage
FN:79,IPAssetRegistry.version
FN:96,IPAssetRegistry.createIPAsset
FN:145,IPAssetRegistry._setNonCommercialRights
FN:170,IPAssetRegistry._setCommercialRights
FN:190,IPAssetRegistry._mintBlock
FN:199,IPAssetRegistry.currentIdFor
FN:209,IPAssetRegistry.description
FN:214,IPAssetRegistry.franchiseId
FN:219,IPAssetRegistry.tokenURI
FN:226,IPAssetRegistry.supportsInterface
FNDA:4,IPAssetRegistry.supportsInterface
FNDA:2,IPAssetRegistry._setCommercialRights
FNDA:4,IPAssetRegistry.initialize
FNDA:1,IPAssetRegistry.tokenURI
FNDA:11,IPAssetRegistry.franchiseId
FNDA:15,IPAssetRegistry.currentIdFor
FNDA:1,IPAssetRegistry.description
FNDA:2850,IPAssetRegistry._mintBlock
FNDA:2850,IPAssetRegistry._setNonCommercialRights
FNDA:4,IPAssetRegistry.version
FNDA:8581,IPAssetRegistry._getIPAssetRegistryStorage
FNDA:2851,IPAssetRegistry.createIPAsset
FNF:12
FNH:12
DA:61,4
DA:62,4
DA:63,4
DA:64,4
DA:65,4
DA:66,4
DA:75,8581
DA:80,4
DA:107,2851
DA:108,2850
DA:109,2850
DA:110,2850
DA:111,2850
DA:112,2850
DA:115,2850
DA:116,2850
DA:118,2850
DA:121,2850
DA:123,2
DA:126,2850
DA:132,2850
DA:146,2850
DA:147,2850
DA:171,2
DA:172,2
DA:191,2850
DA:192,2850
DA:193,2850
DA:194,2850
DA:195,2850
DA:196,2850
DA:200,2865
DA:201,2865
DA:202,2865
DA:203,2843
DA:205,22
DA:210,1
DA:211,1
DA:215,11
DA:216,11
DA:223,1
DA:235,4
DA:236,4
DA:237,3
LF:44
LH:44
end_of_record
TN:
SF:contracts/ip-assets/IPAssetRegistryFactory.sol
FN:30,IPAssetRegistryFactory.createFranchiseIPAssets
FN:51,IPAssetRegistryFactory.upgradeFranchises
FNDA:4,IPAssetRegistryFactory.createFranchiseIPAssets
FNDA:2,IPAssetRegistryFactory.upgradeFranchises
FNF:2
FNH:2
DA:36,4
DA:43,4
DA:44,4
DA:45,4
DA:47,4
DA:48,4
DA:52,1
DA:53,1
DA:54,1
LF:9
LH:9
end_of_record
TN:
SF:contracts/ip-assets/LibIPAssetId.sol
FN:12,LibIPAssetId._zeroId
FN:17,LibIPAssetId._lastId
FN:22,LibIPAssetId._ipAssetTypeFor
FNDA:2843,LibIPAssetId._zeroId
FNDA:2850,LibIPAssetId._lastId
FNDA:2850,LibIPAssetId._ipAssetTypeFor
FNF:3
FNH:3
DA:13,2843
DA:14,2843
DA:18,2850
DA:19,2850
DA:25,2850
DA:26,2850
LF:6
LH:6
end_of_record
TN:
SF:contracts/ip-assets/events/CommonIPAssetEventEmitter.sol
FN:18,CommonIPAssetEventEmitter.emitIPAssetCreation
FNDA:2828,CommonIPAssetEventEmitter.emitIPAssetCreation
FNF:1
FNH:1
DA:19,2828
DA:20,2828
LF:2
LH:2
end_of_record
TN:
SF:contracts/ip-assets/storage/IPAssetDataManager.sol
FN:22,IPAssetDataManager.__IPAssetData_init
FN:24,IPAssetDataManager._getIPAssetDataStorage
FN:30,IPAssetDataManager._writeIPAsset
FN:48,IPAssetDataManager.readIPAsset
FNDA:0,IPAssetDataManager.__IPAssetData_init
FNDA:2850,IPAssetDataManager._writeIPAsset
FNDA:2853,IPAssetDataManager._getIPAssetDataStorage
FNDA:2,IPAssetDataManager.readIPAsset
FNF:4
FNH:3
DA:26,2853
DA:36,2850
DA:37,2850
DA:38,2850
DA:39,2850
DA:41,2850
DA:42,2850
DA:43,2850
DA:44,2850
DA:45,2850
DA:49,3
DA:50,3
LF:12
LH:12
end_of_record
TN:
SF:contracts/modules/collect/CollectModuleBase.sol
FN:55,CollectModuleBase.getCollectNFT
FN:65,CollectModuleBase.initCollect
FN:101,CollectModuleBase.collect
FN:137,CollectModuleBase._initCollect
FN:142,CollectModuleBase._collect
FN:153,CollectModuleBase._getCollectNFT
FN:183,CollectModuleBase._getCollectModuleStorage
FNDA:512,CollectModuleBase._collect
FNDA:1536,CollectModuleBase.collect
FNDA:3362,CollectModuleBase.initCollect
FNDA:768,CollectModuleBase._getCollectNFT
FNDA:2850,CollectModuleBase._initCollect
FNDA:5154,CollectModuleBase._getCollectModuleStorage
FNDA:1280,CollectModuleBase.getCollectNFT
FNF:7
FNH:7
DA:56,1280
DA:57,1280
DA:68,3362
DA:69,3362
DA:72,3362
DA:74,3362
DA:75,256
DA:79,3106
DA:80,3106
DA:81,256
DA:85,2850
DA:86,0
DA:88,2850
DA:91,2850
DA:104,1536
DA:105,1536
DA:108,1536
DA:109,256
DA:113,1280
DA:114,1280
DA:115,256
DA:117,1024
DA:123,768
DA:126,512
DA:129,512
DA:131,512
DA:156,768
DA:157,768
DA:158,768
DA:159,256
DA:161,512
DA:164,512
DA:165,512
DA:169,512
DA:172,512
DA:177,512
DA:179,512
DA:185,5154
LF:38
LH:37
end_of_record
TN:
SF:contracts/modules/collect/SimpleCollectModule.sol
FN:19,MockCollectModule.initialize
FN:25,MockCollectModule._isCollectAuthorized
FN:31,MockCollectModule._authorizeUpgrade
FNDA:0,MockCollectModule._isCollectAuthorized
FNDA:0,MockCollectModule.initialize
FNDA:0,MockCollectModule._authorizeUpgrade
FNF:3
FNH:0
DA:20,0
DA:21,0
DA:26,0
DA:27,0
LF:4
LH:0
end_of_record
TN:
SF:contracts/modules/collect/nft/CollectNFTBase.sol
FN:47,CollectNFTBase.totalSupply
FN:54,CollectNFTBase.initialize
FN:80,CollectNFTBase.collect
FN:88,CollectNFTBase._initialize
FN:92,CollectNFTBase._collect
FNDA:1280,CollectNFTBase._collect
FNDA:1538,CollectNFTBase.initialize
FNDA:1536,CollectNFTBase.collect
FNDA:1280,CollectNFTBase._initialize
FNDA:512,CollectNFTBase.totalSupply
FNF:5
FNH:5
DA:48,512
DA:57,1538
DA:58,257
DA:61,1281
DA:62,1281
DA:63,1281
DA:64,1281
DA:67,1281
DA:73,1280
DA:81,1280
DA:82,1280
DA:83,1280
LF:12
LH:12
end_of_record
TN:
SF:contracts/modules/collect/nft/ERC721.sol
FN:43,ERC721.setApprovalForAll
FN:51,ERC721.approve
FN:93,ERC721.safeTransferFrom
FN:116,ERC721.transferFrom
FN:151,ERC721.supportsInterface
FN:159,ERC721._mint
FN:179,ERC721._burn
FNDA:1536,ERC721.transferFrom
FNDA:5120,ERC721.safeTransferFrom
FNDA:6400,ERC721._mint
FNDA:1280,ERC721._burn
FNDA:1024,ERC721.setApprovalForAll
FNDA:1792,ERC721.approve
FNDA:2,ERC721.supportsInterface
FNF:7
FNH:7
DA:44,1024
DA:45,1024
DA:52,1792
DA:55,1792
DA:56,256
DA:59,1536
DA:60,1536
DA:76,2560
DA:78,1792
DA:79,1024
DA:83,256
DA:98,2560
DA:100,1792
DA:101,1024
DA:105,256
DA:121,6656
DA:122,768
DA:126,5888
DA:127,2304
DA:128,1536
DA:130,768
DA:133,5120
DA:134,768
DA:137,4352
DA:140,4352
DA:141,4352
DA:144,4352
DA:145,4352
DA:152,2
DA:153,1
DA:160,6400
DA:161,256
DA:164,6144
DA:165,256
DA:169,5888
DA:170,5888
DA:173,5888
DA:174,5888
DA:180,1280
DA:182,1280
DA:183,512
DA:187,768
DA:188,768
DA:191,768
DA:192,768
DA:193,768
LF:46
LH:46
end_of_record
TN:
SF:contracts/modules/licensing/LicenseRegistry.sol
FN:34,LicenseRegistry.mint
FN:38,LicenseRegistry.exists
FN:42,LicenseRegistry._beforeTokenTransfer
FN:55,LicenseRegistry.getRightsManager
FN:59,LicenseRegistry.name
FN:63,LicenseRegistry.symbol
FNDA:10,LicenseRegistry.mint
FNDA:11,LicenseRegistry._beforeTokenTransfer
FNDA:2,LicenseRegistry.getRightsManager
FNDA:2,LicenseRegistry.name
FNDA:26,LicenseRegistry.exists
FNDA:2,LicenseRegistry.symbol
FNF:6
FNH:6
DA:35,9
DA:39,26
DA:49,11
DA:50,2
DA:52,10
DA:56,2
DA:60,2
DA:64,2
LF:8
LH:8
end_of_record
TN:
SF:contracts/modules/licensing/LicensingModule.sol
FN:46,LicensingModule.initialize
FN:51,LicensingModule._getLicensingModuleStorage
FN:58,LicensingModule.getNonCommercialLicenseURI
FN:66,LicensingModule.setNonCommercialLicenseURI
FN:78,LicensingModule.configureFranchiseLicensing
FN:92,LicensingModule._verifyRootLicense
FN:106,LicensingModule.getFranchiseConfig
FN:110,LicensingModule._authorizeUpgrade
FNDA:5663,LicensingModule._getLicensingModuleStorage
FNDA:2830,LicensingModule.getFranchiseConfig
FNDA:12,LicensingModule._verifyRootLicense
FNDA:0,LicensingModule.initialize
FNDA:0,LicensingModule._authorizeUpgrade
FNDA:2829,LicensingModule.getNonCommercialLicenseURI
FNDA:0,LicensingModule.setNonCommercialLicenseURI
FNDA:8,LicensingModule.configureFranchiseLicensing
FNF:8
FNH:5
DA:47,0
DA:48,0
DA:52,5663
DA:54,5663
DA:59,2829
DA:67,0
DA:68,0
DA:79,8
DA:80,1
DA:82,6
DA:83,6
DA:84,5
DA:85,1
DA:87,4
DA:88,4
DA:89,4
DA:93,12
DA:94,2
DA:95,2
DA:98,0
DA:100,2
DA:101,1
DA:107,2830
LF:23
LH:18
end_of_record
TN:
SF:contracts/modules/licensing/RightsManager.sol
FN:79,RightsManager.__RightsManager_init
FN:87,RightsManager.setLicenseRegistry
FN:94,RightsManager._getRightsManagerStorage
FN:117,RightsManager.createLicense
FN:156,RightsManager.createFranchiseRootLicense
FN:180,RightsManager._createLicense
FN:258,RightsManager.revokeLicense
FN:274,RightsManager.executeTerms
FN:289,RightsManager.isLicenseActive
FN:303,RightsManager._isActiveAndTermsOk
FN:308,RightsManager.getLicense
FN:315,RightsManager._beforeTokenTransfer
FN:332,RightsManager._verifyRightsTransfer
FN:347,RightsManager._verifyTerms
FN:354,RightsManager.getLicenseTokenId
FN:360,RightsManager.getParentLicenseId
FN:367,RightsManager.getLicenseHolder
FN:381,RightsManager.getLicenseURI
FN:387,RightsManager.getLicenseRevoker
FN:393,RightsManager.getLicenseIdByTokenId
FN:403,RightsManager.getLicenseRegistry
FN:407,RightsManager.isRootLicense
FN:413,RightsManager.isLicenseSet
FN:423,RightsManager.transferSublicense
FNDA:8,RightsManager.createLicense
FNDA:13,RightsManager.getLicenseIdByTokenId
FNDA:2989,RightsManager._getRightsManagerStorage
FNDA:0,RightsManager.__RightsManager_init
FNDA:4,RightsManager.setLicenseRegistry
FNDA:2872,RightsManager._verifyTerms
FNDA:0,RightsManager.getLicenseHolder
FNDA:4,RightsManager.getLicenseRegistry
FNDA:13,RightsManager.getLicense
FNDA:2,RightsManager.revokeLicense
FNDA:0,RightsManager.isRootLicense
FNDA:2863,RightsManager._beforeTokenTransfer
FNDA:16,RightsManager.isLicenseActive
FNDA:0,RightsManager.getLicenseRevoker
FNDA:2,RightsManager.executeTerms
FNDA:9,RightsManager.getLicenseTokenId
FNDA:24,RightsManager._isActiveAndTermsOk
FNDA:4,RightsManager.createFranchiseRootLicense
FNDA:0,RightsManager.isLicenseSet
FNDA:4,RightsManager.getLicenseURI
FNDA:4,RightsManager.getParentLicenseId
FNDA:0,RightsManager._verifyRightsTransfer
FNDA:3,RightsManager.transferSublicense
FNDA:2881,RightsManager._createLicense
FNF:24
FNH:18
DA:83,4
DA:89,4
DA:90,4
DA:91,4
DA:100,2989
DA:127,8
DA:128,2
DA:130,6
DA:131,5
DA:165,4
DA:166,3
DA:192,2881
DA:193,2880
DA:197,2880
DA:198,2877
DA:199,1
DA:203,2879
DA:204,2864
DA:205,1
DA:208,15
DA:209,15
DA:211,11
DA:212,11
DA:213,10
DA:214,9
DA:215,6
DA:219,2872
DA:222,2871
DA:223,2871
DA:237,2871
DA:238,9
DA:241,2862
DA:245,2871
DA:253,2871
DA:254,2871
DA:259,2
DA:260,2
DA:261,2
DA:262,2
DA:263,2
DA:264,2
DA:275,2
DA:276,2
DA:277,2
DA:278,2
DA:279,2
DA:280,2
DA:281,1
DA:282,1
DA:285,2
DA:293,18
DA:294,18
DA:295,33
DA:296,24
DA:297,24
DA:298,15
DA:300,9
DA:304,24
DA:305,24
DA:309,13
DA:321,2863
DA:322,0
DA:323,0
DA:325,0
DA:329,2863
DA:338,0
DA:341,0
DA:342,0
DA:343,0
DA:344,0
DA:348,2872
DA:349,2849
DA:350,1
DA:357,9
DA:363,4
DA:370,25
DA:371,25
DA:372,4
DA:374,21
DA:377,21
DA:384,4
DA:390,0
DA:397,15
DA:404,4
DA:410,0
DA:414,2
DA:427,3
DA:428,3
DA:429,2
DA:430,1
LF:90
LH:80
end_of_record
TN:
SF:contracts/modules/licensing/terms/BaseTermsProcessor.sol
FN:37,BaseTermsProcessor.executeTerms
FN:45,BaseTermsProcessor.supportsInterface
FNDA:3,BaseTermsProcessor.supportsInterface
FNDA:4,BaseTermsProcessor.executeTerms
FNF:2
FNH:2
DA:38,2
DA:48,3
LF:2
LH:2
end_of_record
TN:
SF:contracts/modules/licensing/terms/MultiTermsProcessor.sol
FN:30,MultiTermsProcessor._setProcessors
FN:44,MultiTermsProcessor._executeTerms
FN:59,MultiTermsProcessor.supportsInterface
FN:77,MultiTermsProcessor.termsExecutedSuccessfully
FNDA:0,MultiTermsProcessor.supportsInterface
FNDA:0,MultiTermsProcessor._setProcessors
FNDA:0,MultiTermsProcessor._executeTerms
FNDA:0,MultiTermsProcessor.termsExecutedSuccessfully
FNF:4
FNH:0
DA:31,0
DA:32,0
DA:33,0
DA:34,0
DA:35,0
DA:45,0
DA:46,0
DA:47,0
DA:48,0
DA:49,0
DA:50,0
DA:52,0
DA:55,0
DA:62,0
DA:63,0
DA:64,0
DA:65,0
DA:66,0
DA:68,0
DA:71,0
DA:73,0
DA:78,0
DA:79,0
DA:80,0
DA:81,0
DA:82,0
DA:83,0
DA:85,0
DA:88,0
LF:29
LH:0
end_of_record
TN:
SF:contracts/modules/licensing/terms/TimeTermsProcessor.sol
FN:24,TimeTermsProcessor._executeTerms
FN:33,TimeTermsProcessor.termsExecutedSuccessfully
FNDA:2,TimeTermsProcessor._executeTerms
FNDA:19,TimeTermsProcessor.termsExecutedSuccessfully
FNF:2
FNH:2
DA:25,2
DA:26,2
DA:27,1
DA:29,2
DA:34,19
DA:35,19
LF:6
LH:6
end_of_record
TN:
SF:contracts/modules/relationships/LibIPAssetMask.sol
FN:24,LibIPAssetMask._convertToMask
FN:48,LibIPAssetMask._convertFromMask
FN:63,LibIPAssetMask._supportsIPAssetType
FN:74,LibIPAssetMask._checkRelationshipNode
FNDA:9,LibIPAssetMask._convertFromMask
FNDA:14,LibIPAssetMask._checkRelationshipNode
FNDA:21,LibIPAssetMask._convertToMask
FNDA:28,LibIPAssetMask._supportsIPAssetType
FNF:4
FNH:4
DA:25,21
DA:26,20
DA:27,20
DA:28,53
DA:29,51
DA:31,51
DA:34,18
DA:35,9
DA:37,18
DA:49,9
DA:50,9
DA:51,9
DA:52,63
DA:53,30
DA:54,30
DA:57,9
DA:58,9
DA:64,28
DA:75,14
DA:76,12
DA:78,2
DA:80,0
LF:22
LH:21
end_of_record
TN:
SF:contracts/modules/relationships/ProtocolRelationshipModule.sol
FN:19,ProtocolRelationshipModule.initialize
FN:24,ProtocolRelationshipModule.setRelationshipConfig
FN:28,ProtocolRelationshipModule.unsetRelationshipConfig
FN:33,ProtocolRelationshipModule._authorizeUpgrade
FNDA:0,ProtocolRelationshipModule.initialize
FNDA:0,ProtocolRelationshipModule._authorizeUpgrade
FNDA:2,ProtocolRelationshipModule.setRelationshipConfig
FNDA:2,ProtocolRelationshipModule.unsetRelationshipConfig
FNF:4
FNH:2
DA:20,0
DA:25,1
DA:29,1
LF:3
LH:2
end_of_record
TN:
SF:contracts/modules/relationships/RelationshipModuleBase.sol
FN:66,RelationshipModuleBase.__RelationshipModuleBase_init
FN:70,RelationshipModuleBase._getRelationshipModuleStorage
FN:88,RelationshipModuleBase.relate
FN:110,RelationshipModuleBase._updateEndTime
FN:128,RelationshipModuleBase.unrelate
FN:142,RelationshipModuleBase.areTheyRelated
FN:152,RelationshipModuleBase.isRelationshipExpired
FN:163,RelationshipModuleBase._verifyRelationshipParams
FN:181,RelationshipModuleBase._checkRelationshipNode
FN:188,RelationshipModuleBase.getRelationshipKey
FN:207,RelationshipModuleBase._setRelationshipConfig
FN:230,RelationshipModuleBase._unsetRelationshipConfig
FN:249,RelationshipModuleBase._convertRelParams
FN:264,RelationshipModuleBase.getRelationshipConfig
FN:275,RelationshipModuleBase.getRelationshipConfigDecoded
FN:291,RelationshipModuleBase.getRelationshipId
FN:304,RelationshipModuleBase.convertToMask
FN:315,RelationshipModuleBase.convertFromMask
FN:320,RelationshipModuleBase.supportsIPAssetType
FNDA:40,RelationshipModuleBase._getRelationshipModuleStorage
FNDA:5,RelationshipModuleBase.areTheyRelated
FNDA:1,RelationshipModuleBase.getRelationshipConfigDecoded
FNDA:9,RelationshipModuleBase._verifyRelationshipParams
FNDA:4,RelationshipModuleBase.getRelationshipConfig
FNDA:0,RelationshipModuleBase.isRelationshipExpired
FNDA:1,RelationshipModuleBase.getRelationshipId
FNDA:0,RelationshipModuleBase.convertFromMask
FNDA:3,RelationshipModuleBase._unsetRelationshipConfig
FNDA:4,RelationshipModuleBase._setRelationshipConfig
FNDA:4,RelationshipModuleBase._convertRelParams
FNDA:0,RelationshipModuleBase.__RelationshipModuleBase_init
FNDA:0,RelationshipModuleBase.getRelationshipKey
FNDA:0,RelationshipModuleBase.unrelate
FNDA:0,RelationshipModuleBase.supportsIPAssetType
FNDA:13,RelationshipModuleBase._checkRelationshipNode
FNDA:9,RelationshipModuleBase.relate
FNDA:0,RelationshipModuleBase.convertToMask
FNDA:3,RelationshipModuleBase._updateEndTime
FNF:19
FNH:12
DA:67,0
DA:76,40
DA:89,9
DA:90,9
DA:91,9
DA:93,3
DA:94,0
DA:96,3
DA:97,3
DA:98,3
DA:99,3
DA:111,3
DA:112,3
DA:113,0
DA:114,0
DA:115,0
DA:116,0
DA:117,0
DA:120,3
DA:129,0
DA:130,0
DA:131,0
DA:132,0
DA:133,0
DA:134,0
DA:143,5
DA:144,5
DA:153,3
DA:154,3
DA:155,3
DA:164,9
DA:165,8
DA:166,6
DA:167,5
DA:168,5
DA:169,4
DA:182,13
DA:183,11
DA:184,11
DA:189,11
DA:208,4
DA:209,4
DA:210,3
DA:211,3
DA:212,3
DA:223,3
DA:231,3
DA:233,3
DA:234,1
DA:235,2
DA:236,2
DA:250,4
DA:251,4
DA:252,4
DA:253,4
DA:265,5
DA:266,5
DA:276,1
DA:277,1
DA:278,1
DA:279,1
DA:292,5
DA:305,0
DA:316,0
DA:321,0
LF:65
LH:49
end_of_record
TN:
SF:contracts/modules/relationships/processors/BaseRelationshipProcessor.sol
FN:31,BaseRelationshipProcessor.processRelationship
FN:39,BaseRelationshipProcessor.supportsInterface
FNDA:12,BaseRelationshipProcessor.supportsInterface
FNDA:3,BaseRelationshipProcessor.processRelationship
FNF:2
FNH:2
DA:32,3
DA:33,3
DA:42,12
LF:3
LH:3
end_of_record
TN:
SF:contracts/modules/relationships/processors/DstOwnerRelationshipProcessor.sol
FN:20,DstOwnerRelationshipProcessor._processRelationship
FNDA:0,DstOwnerRelationshipProcessor._processRelationship
FNF:1
FNH:0
DA:21,0
DA:22,0
DA:24,0
LF:3
LH:0
end_of_record
TN:
SF:contracts/modules/relationships/processors/PermissionlessRelationshipProcessor.sol
FN:18,PermissionlessRelationshipProcessor._processRelationship
FNDA:3,PermissionlessRelationshipProcessor._processRelationship
FNF:1
FNH:1
DA:19,3
LF:1
LH:1
end_of_record
TN:
SF:contracts/modules/relationships/processors/SrcDstOwnerRelationshipProcessor.sol
FN:20,SrcDstOwnerRelationshipProcessor._processRelationship
FNDA:0,SrcDstOwnerRelationshipProcessor._processRelationship
FNF:1
FNH:0
DA:22,0
DA:23,0
DA:24,0
DA:26,0
LF:4
LH:0
end_of_record
TN:
SF:contracts/modules/relationships/processors/SrcOwnerRelationshipProcessor.sol
FN:20,SrcOwnerRelationshipProcessor._processRelationship
FNDA:0,SrcOwnerRelationshipProcessor._processRelationship
FNF:1
FNH:0
DA:21,0
DA:22,0
DA:24,0
LF:3
LH:0
end_of_record
TN:
SF:contracts/modules/relationships/processors/SrcRequestOrDstOwnerRelationshipProcessor.sol
FN:18,SrcRequestOrDstOwnerRelationshipProcessor._processRelationship
FNDA:0,SrcRequestOrDstOwnerRelationshipProcessor._processRelationship
FNF:1
FNH:0
DA:19,0
DA:20,0
DA:21,0
DA:23,0
DA:25,0
LF:5
LH:0
end_of_record
TN:
SF:contracts/modules/royalties/RoyaltyDistributor.sol
FN:25,RoyaltyDistributor.setRoyaltyPolicy
FN:36,RoyaltyDistributor.getRoyaltyPolicy
FN:44,RoyaltyDistributor.updateDistribution
FN:53,RoyaltyDistributor.distribute
FN:58,RoyaltyDistributor.claim
FN:62,RoyaltyDistributor.pause
FN:65,RoyaltyDistributor.unpause
FN:69,RoyaltyDistributor._ipAccount
FN:73,RoyaltyDistributor._authorizeUpgrade
FNDA:8,RoyaltyDistributor.updateDistribution
FNDA:0,RoyaltyDistributor._authorizeUpgrade
FNDA:2,RoyaltyDistributor.distribute
FNDA:0,RoyaltyDistributor.pause
FNDA:2,RoyaltyDistributor.claim
FNDA:0,RoyaltyDistributor.unpause
FNDA:8,RoyaltyDistributor.getRoyaltyPolicy
FNDA:18,RoyaltyDistributor._ipAccount
FNDA:8,RoyaltyDistributor.setRoyaltyPolicy
FNF:9
FNH:6
DA:31,8
DA:32,8
DA:33,8
DA:40,8
DA:41,8
DA:49,8
DA:50,8
DA:54,2
DA:55,2
DA:59,2
DA:63,0
DA:66,0
DA:70,18
LF:13
LH:11
end_of_record
TN:
SF:contracts/modules/royalties/RoyaltyNFT.sol
FN:39,RoyaltyNFT.distributeFunds
FN:63,RoyaltyNFT.claim
FN:69,RoyaltyNFT.mint
FN:106,RoyaltyNFT._afterTokenTransfer
FN:128,RoyaltyNFT.uri
FN:145,RoyaltyNFT.percentage
FN:151,RoyaltyNFT.toTokenId
FN:155,RoyaltyNFT._getSum
FN:166,RoyaltyNFT.sort
FNDA:0,RoyaltyNFT.uri
FNDA:2,RoyaltyNFT.distributeFunds
FNDA:18,RoyaltyNFT._afterTokenTransfer
FNDA:6,RoyaltyNFT._getSum
FNDA:6,RoyaltyNFT.mint
FNDA:2,RoyaltyNFT.sort
FNDA:0,RoyaltyNFT.percentage
FNDA:14,RoyaltyNFT.toTokenId
FNDA:2,RoyaltyNFT.claim
FNF:9
FNH:7
DA:40,2
DA:41,2
DA:42,2
DA:43,2
DA:44,2
DA:45,2
DA:46,6
DA:48,6
DA:51,2
DA:52,2
DA:53,2
DA:64,2
DA:65,2
DA:66,2
DA:70,6
DA:72,6
DA:74,6
DA:75,0
DA:80,6
DA:81,0
DA:84,6
DA:85,16
DA:89,6
DA:90,6
DA:91,6
DA:92,6
DA:93,6
DA:94,6
DA:96,6
DA:114,18
DA:115,18
DA:116,18
DA:117,18
DA:118,18
DA:120,0
DA:121,0
DA:122,0
DA:123,0
DA:129,0
DA:147,6
DA:152,28
DA:156,6
DA:157,6
DA:158,16
DA:161,16
DA:167,2
DA:168,2
DA:169,4
DA:170,4
DA:171,8
DA:172,4
DA:173,4
DA:175,4
LF:53
LH:46
end_of_record
TN:
SF:contracts/modules/royalties/RoyaltyNFTFactory.sol
FN:16,RoyaltyNFTFactory.createRoyaltyNft
FNDA:0,RoyaltyNFTFactory.createRoyaltyNft
FNF:1
FNH:0
DA:19,0
DA:20,0
LF:2
LH:0
end_of_record
TN:
SF:contracts/modules/royalties/policies/MutableRoyaltyProportionPolicy.sol
FN:15,MutableRoyaltyProportionPolicy.initPolicy
FN:17,MutableRoyaltyProportionPolicy.updateDistribution
FN:35,MutableRoyaltyProportionPolicy.distribute
FNDA:8,MutableRoyaltyProportionPolicy.updateDistribution
FNDA:8,MutableRoyaltyProportionPolicy.initPolicy
FNDA:2,MutableRoyaltyProportionPolicy.distribute
FNF:3
FNH:3
DA:18,8
DA:19,8
DA:20,8
DA:21,6
DA:23,2
DA:24,2
DA:36,2
LF:7
LH:7
end_of_record
TN:
SF:contracts/modules/timing/LibDuration.sol
FN:19,LibDuration.isActive
FN:23,LibDuration.isRenewable
FN:27,LibDuration.renew
FN:35,LibDuration.createRunningTimeConfig
FN:44,LibDuration.createStoppedTimeConfig
FNDA:0,LibDuration.renew
FNDA:0,LibDuration.isRenewable
FNDA:0,LibDuration.createRunningTimeConfig
FNDA:0,LibDuration.createStoppedTimeConfig
FNDA:0,LibDuration.isActive
FNF:5
FNH:0
DA:20,0
DA:24,0
DA:28,0
DA:29,0
DA:30,0
DA:31,0
DA:32,0
DA:36,0
DA:37,0
DA:45,0
DA:46,0
LF:11
LH:0
end_of_record
