TN:
SF:contracts/IPAssetRegistry.sol
FN:100,IPAssetRegistry.transferIPOrg
FN:110,IPAssetRegistry.setStatus
FN:118,IPAssetRegistry.status
FN:124,IPAssetRegistry.ipAssetOrg
FN:130,IPAssetRegistry.ipAssetOwner
FN:137,IPAssetRegistry.ipAsset
FN:62,IPAssetRegistry.register
FNDA:0,IPAssetRegistry.transferIPOrg
FNDA:0,IPAssetRegistry.setStatus
FNDA:5,IPAssetRegistry.status
FNDA:0,IPAssetRegistry.ipAssetOrg
FNDA:11,IPAssetRegistry.ipAssetOwner
FNDA:2,IPAssetRegistry.ipAsset
FNDA:7,IPAssetRegistry.register
FNF:7
FNH:4
DA:70,7
DA:71,0
DA:75,7
DA:76,7
DA:77,7
DA:87,7
DA:101,0
DA:102,0
DA:103,0
DA:111,0
DA:112,0
DA:113,0
DA:119,5
DA:125,0
DA:131,11
DA:132,11
DA:138,2
LF:17
LH:9
end_of_record
TN:
SF:contracts/StoryProtocol.sol
FN:103,StoryProtocol.registerIPAsset
FN:126,StoryProtocol.transferIPAsset
FN:152,StoryProtocol.addRelationshipType
FN:163,StoryProtocol.removeRelationshipType
FN:178,StoryProtocol.createRelationship
FN:202,StoryProtocol.configureIpOrgLicensing
FN:221,StoryProtocol.createLicenseNft
FN:254,StoryProtocol.createIpaBoundLicense
FN:280,StoryProtocol.activateLicense
FN:297,StoryProtocol.bindLnftToIpa
FN:41,StoryProtocol.setMetadata
FN:61,StoryProtocol.addIPAssetTypes
FN:83,StoryProtocol.registerIpOrg
FNDA:7,StoryProtocol.registerIPAsset
FNDA:0,StoryProtocol.transferIPAsset
FNDA:3,StoryProtocol.addRelationshipType
FNDA:1,StoryProtocol.removeRelationshipType
FNDA:2,StoryProtocol.createRelationship
FNDA:12,StoryProtocol.configureIpOrgLicensing
FNDA:2,StoryProtocol.createLicenseNft
FNDA:5,StoryProtocol.createIpaBoundLicense
FNDA:3,StoryProtocol.activateLicense
FNDA:2,StoryProtocol.bindLnftToIpa
FNDA:3,StoryProtocol.setMetadata
FNDA:0,StoryProtocol.addIPAssetTypes
FNDA:2,StoryProtocol.registerIpOrg
FNF:13
FNH:11
DA:46,3
DA:50,3
DA:65,0
DA:69,0
DA:89,2
DA:109,7
DA:110,7
DA:118,7
DA:134,0
DA:138,0
DA:155,3
DA:167,1
DA:184,2
DA:192,2
DA:206,12
DA:228,2
DA:233,2
DA:244,2
DA:261,5
DA:266,5
DA:277,4
DA:284,3
DA:302,2
LF:23
LH:19
end_of_record
TN:
SF:contracts/access-control/AccessControlSingleton.sol
FN:26,AccessControlSingleton.initialize
FN:36,AccessControlSingleton.setRoleAdmin
FN:45,AccessControlSingleton._authorizeUpgrade
FNDA:0,AccessControlSingleton.initialize
FNDA:0,AccessControlSingleton.setRoleAdmin
FNDA:0,AccessControlSingleton._authorizeUpgrade
FNF:3
FNH:0
DA:27,0
DA:28,0
DA:29,0
DA:30,0
DA:40,0
LF:5
LH:0
end_of_record
TN:
SF:contracts/access-control/AccessControlled.sol
FN:35,AccessControlled.setAccessControl
FN:48,AccessControlled.hasRole
FNDA:0,AccessControlled.setAccessControl
FNDA:83,AccessControlled.hasRole
FNF:2
FNH:1
DA:38,0
DA:39,0
DA:40,0
DA:41,0
DA:52,83
LF:5
LH:1
end_of_record
TN:
SF:contracts/access-control/AccessControlledUpgradeable.sol
FN:35,AccessControlledUpgradeable.setAccessControl
FN:45,AccessControlledUpgradeable.getAccessControl
FN:52,AccessControlledUpgradeable.__AccessControlledUpgradeable_init
FN:66,AccessControlledUpgradeable.hasRole
FN:74,AccessControlledUpgradeable._getAccessControlledUpgradeable
FNDA:0,AccessControlledUpgradeable.setAccessControl
FNDA:0,AccessControlledUpgradeable.getAccessControl
FNDA:0,AccessControlledUpgradeable.__AccessControlledUpgradeable_init
FNDA:0,AccessControlledUpgradeable.hasRole
FNDA:0,AccessControlledUpgradeable._getAccessControlledUpgradeable
FNF:5
FNH:0
DA:38,0
DA:39,0
DA:40,0
DA:41,0
DA:42,0
DA:46,0
DA:47,0
DA:55,0
DA:56,0
DA:57,0
DA:58,0
DA:59,0
DA:70,0
DA:71,0
DA:80,0
LF:15
LH:0
end_of_record
TN:
SF:contracts/hooks/TokenGatedHook.sol
FN:24,TokenGatedHook._validateConfig
FN:45,TokenGatedHook._executeSyncCall
FNDA:13,TokenGatedHook._validateConfig
FNDA:6,TokenGatedHook._executeSyncCall
FNF:2
FNH:2
DA:25,13
DA:26,13
DA:27,13
DA:28,2
DA:32,11
DA:36,1
DA:49,6
DA:50,6
DA:52,6
DA:53,1
DA:56,5
DA:57,1
DA:60,4
LF:13
LH:13
end_of_record
TN:
SF:contracts/hooks/base/AsyncBaseHook.sol
FN:114,AsyncBaseHook._handleCallback
FN:55,AsyncBaseHook.executeAsync
FNDA:4,AsyncBaseHook._handleCallback
FNDA:7,AsyncBaseHook.executeAsync
FNF:2
FNH:2
DA:65,6
DA:66,1
DA:70,5
DA:74,1
DA:77,4
DA:81,4
DA:84,4
DA:86,4
DA:88,4
DA:90,4
DA:119,4
DA:120,4
DA:121,1
DA:128,3
DA:129,1
DA:133,2
DA:136,2
DA:138,2
LF:18
LH:18
end_of_record
TN:
SF:contracts/hooks/base/BaseHook.sol
FN:22,BaseHook.executeSync
FN:38,BaseHook.executeAsync
FN:55,BaseHook.validateConfig
FNDA:3,BaseHook.executeSync
FNDA:3,BaseHook.executeAsync
FNDA:56,BaseHook.validateConfig
FNF:3
FNH:3
DA:31,2
DA:48,2
DA:58,56
LF:3
LH:3
end_of_record
TN:
SF:contracts/hooks/base/SyncBaseHook.sol
FN:34,SyncBaseHook.executeSync
FNDA:17,SyncBaseHook.executeSync
FNF:1
FNH:1
DA:42,16
DA:46,16
DA:47,14
DA:48,11
DA:49,11
LF:5
LH:5
end_of_record
TN:
SF:contracts/ip-org/IPOrg.sol
FN:103,IPOrg.mint
FN:111,IPOrg.burn
FN:120,IPOrg.transferFrom
FN:55,IPOrg.owner
FN:60,IPOrg.ownerOf
FN:66,IPOrg.tokenURI
FN:74,IPOrg.contractURI
FN:82,IPOrg.ipAssetId
FN:90,IPOrg.initialize
FNDA:7,IPOrg.mint
FNDA:0,IPOrg.burn
FNDA:0,IPOrg.transferFrom
FNDA:45,IPOrg.owner
FNDA:16,IPOrg.ownerOf
FNDA:0,IPOrg.tokenURI
FNDA:0,IPOrg.contractURI
FNDA:0,IPOrg.ipAssetId
FNDA:3,IPOrg.initialize
FNF:9
FNH:4
DA:56,45
DA:61,16
DA:69,0
DA:70,0
DA:75,0
DA:76,0
DA:83,0
DA:84,0
DA:95,3
DA:96,0
DA:99,3
DA:104,7
DA:105,7
DA:106,7
DA:112,0
DA:113,0
DA:125,0
LF:17
LH:7
end_of_record
TN:
SF:contracts/ip-org/IPOrgController.sol
FN:113,IPOrgController.cancelOwnerTransfer
FN:132,IPOrgController.acceptOwnerTransfer
FN:154,IPOrgController.registerIpOrg
FN:200,IPOrgController._ipOrgRecord
FN:210,IPOrgController._assertIPOrgExists
FN:218,IPOrgController._authorizeUpgrade
FN:226,IPOrgController._getIpOrgControllerStorage
FN:63,IPOrgController.initialize
FN:71,IPOrgController.ownerOf
FN:78,IPOrgController.isIpOrg
FN:86,IPOrgController.pendingOwnerOf
FN:94,IPOrgController.transferOwner
FNDA:0,IPOrgController.cancelOwnerTransfer
FNDA:0,IPOrgController.acceptOwnerTransfer
FNDA:3,IPOrgController.registerIpOrg
FNDA:45,IPOrgController._ipOrgRecord
FNDA:0,IPOrgController._assertIPOrgExists
FNDA:0,IPOrgController._authorizeUpgrade
FNDA:48,IPOrgController._getIpOrgControllerStorage
FNDA:0,IPOrgController.initialize
FNDA:45,IPOrgController.ownerOf
FNDA:0,IPOrgController.isIpOrg
FNDA:0,IPOrgController.pendingOwnerOf
FNDA:0,IPOrgController.transferOwner
FNF:12
FNH:4
DA:64,0
DA:65,0
DA:66,0
DA:72,45
DA:73,45
DA:79,0
DA:80,0
DA:87,0
DA:88,0
DA:95,0
DA:98,0
DA:99,0
DA:103,0
DA:104,0
DA:107,0
DA:108,0
DA:114,0
DA:117,0
DA:118,0
DA:122,0
DA:123,0
DA:126,0
DA:127,0
DA:133,0
DA:136,0
DA:137,0
DA:141,0
DA:142,0
DA:144,0
DA:145,0
DA:161,3
DA:162,0
DA:165,3
DA:166,3
DA:172,3
DA:173,3
DA:179,3
DA:183,3
DA:190,3
DA:201,45
DA:202,45
DA:203,45
DA:204,0
DA:211,0
DA:212,0
DA:213,0
DA:231,48
DA:233,48
LF:48
LH:15
end_of_record
TN:
SF:contracts/lib/LibUintArrayMask.sol
FN:19,LibUintArrayMask._convertToMask
FN:33,LibUintArrayMask._isAssetTypeOnMask
FNDA:256,LibUintArrayMask._convertToMask
FNDA:512,LibUintArrayMask._isAssetTypeOnMask
FNF:2
FNH:2
DA:20,256
DA:21,255
DA:22,255
DA:23,32386
DA:24,32385
DA:26,32385
DA:29,254
DA:34,512
LF:8
LH:8
end_of_record
TN:
SF:contracts/modules/ModuleRegistry.sol
FN:110,ModuleRegistry.configure
FN:132,ModuleRegistry._execute
FN:149,ModuleRegistry._configure
FN:26,ModuleRegistry.protocolModule
FN:34,ModuleRegistry.registerProtocolModule
FN:49,ModuleRegistry.removeProtocolModule
FN:61,ModuleRegistry.moduleForKey
FN:66,ModuleRegistry.isModule
FN:77,ModuleRegistry.execute
FNDA:22,ModuleRegistry.configure
FNDA:21,ModuleRegistry._execute
FNDA:22,ModuleRegistry._configure
FNDA:32,ModuleRegistry.protocolModule
FNDA:2,ModuleRegistry.registerProtocolModule
FNDA:1,ModuleRegistry.removeProtocolModule
FNDA:3,ModuleRegistry.moduleForKey
FNDA:9,ModuleRegistry.isModule
FNDA:21,ModuleRegistry.execute
FNF:9
FNH:9
DA:27,32
DA:39,2
DA:40,0
DA:42,2
DA:43,2
DA:52,1
DA:53,0
DA:55,1
DA:56,1
DA:57,1
DA:62,3
DA:67,9
DA:84,0
DA:103,21
DA:115,0
DA:129,22
DA:140,21
DA:141,21
DA:142,0
DA:144,21
DA:145,18
DA:146,18
DA:155,22
DA:156,22
DA:157,0
DA:159,22
DA:160,18
DA:161,18
LF:28
LH:22
end_of_record
TN:
SF:contracts/modules/base/BaseModule.sol
FN:117,BaseModule._executeHook
FN:133,BaseModule._verifyExecution
FN:134,BaseModule._performAction
FN:65,BaseModule.execute
FN:88,BaseModule.configure
FN:92,BaseModule._executeHooks
FNDA:8,BaseModule._executeHook
FNDA:0,BaseModule._verifyExecution
FNDA:0,BaseModule._performAction
FNDA:27,BaseModule.execute
FNDA:26,BaseModule.configure
FNDA:44,BaseModule._executeHooks
FNF:6
FNH:4
DA:72,26
DA:73,23
DA:74,23
DA:75,0
DA:76,0
DA:78,21
DA:79,21
DA:80,20
DA:81,20
DA:89,25
DA:97,44
DA:98,44
DA:99,44
DA:100,44
DA:101,2
DA:103,42
DA:104,8
DA:105,0
DA:108,41
DA:123,8
DA:127,8
DA:128,8
DA:129,7
LF:23
LH:20
end_of_record
TN:
SF:contracts/modules/base/HookRegistry.sol
FN:107,HookRegistry.hookConfigAt
FN:123,HookRegistry.totalHooks
FN:134,HookRegistry.totalHooksConfig
FN:146,HookRegistry.clearHooks
FN:166,HookRegistry.hookIndex
FN:178,HookRegistry._hooksForType
FN:193,HookRegistry._hooksConfigForType
FN:209,HookRegistry._registerHooks
FN:241,HookRegistry._hookIndex
FN:53,HookRegistry.registerHooks
FN:75,HookRegistry.isRegistered
FN:89,HookRegistry.hookAt
FNDA:24,HookRegistry.hookConfigAt
FNDA:13,HookRegistry.totalHooks
FNDA:15,HookRegistry.totalHooksConfig
FNDA:3,HookRegistry.clearHooks
FNDA:8,HookRegistry.hookIndex
FNDA:145,HookRegistry._hooksForType
FNDA:135,HookRegistry._hooksConfigForType
FNDA:29,HookRegistry._registerHooks
FNDA:12,HookRegistry._hookIndex
FNDA:25,HookRegistry.registerHooks
FNDA:4,HookRegistry.isRegistered
FNDA:24,HookRegistry.hookAt
FNF:12
FNH:12
DA:60,29
DA:61,29
DA:67,24
DA:80,4
DA:94,24
DA:95,24
DA:96,1
DA:98,23
DA:112,24
DA:113,24
DA:114,1
DA:116,23
DA:127,13
DA:138,15
DA:151,31
DA:152,3
DA:153,3
DA:154,28
DA:155,2
DA:156,2
DA:158,31
DA:171,12
DA:182,145
DA:183,92
DA:185,53
DA:197,135
DA:198,87
DA:200,48
DA:215,29
DA:216,29
DA:217,2
DA:219,27
DA:220,1
DA:223,26
DA:224,52
DA:225,1
DA:227,51
DA:228,1
DA:230,50
DA:231,50
DA:232,50
DA:245,12
DA:246,12
DA:247,12
DA:248,8
DA:251,4
DA:254,4
LF:47
LH:47
end_of_record
TN:
SF:contracts/modules/licensing/LicenseRegistry.sol
FN:108,LicenseRegistry.addTradeableLicense
FN:135,LicenseRegistry._addLicense
FN:145,LicenseRegistry.getLicense
FN:152,LicenseRegistry.getLicensor
FN:159,LicenseRegistry.getLicensee
FN:173,LicenseRegistry.bindLnftToIpa
FN:189,LicenseRegistry.isLicenseActive
FN:202,LicenseRegistry.activateLicense
FN:214,LicenseRegistry.revokeLicense
FN:74,LicenseRegistry.addBoundToIpaLicense
FNDA:2,LicenseRegistry.addTradeableLicense
FNDA:6,LicenseRegistry._addLicense
FNDA:12,LicenseRegistry.getLicense
FNDA:0,LicenseRegistry.getLicensor
FNDA:10,LicenseRegistry.getLicensee
FNDA:1,LicenseRegistry.bindLnftToIpa
FNDA:10,LicenseRegistry.isLicenseActive
FNDA:2,LicenseRegistry.activateLicense
FNDA:0,LicenseRegistry.revokeLicense
FNDA:4,LicenseRegistry.addBoundToIpaLicense
FNF:10
FNH:8
DA:83,4
DA:84,0
DA:86,4
DA:87,4
DA:117,2
DA:131,2
DA:132,2
DA:139,6
DA:140,6
DA:141,6
DA:148,12
DA:153,0
DA:160,10
DA:161,10
DA:162,0
DA:163,10
DA:164,7
DA:166,3
DA:177,1
DA:178,1
DA:179,0
DA:181,1
DA:182,1
DA:183,1
DA:184,1
DA:191,10
DA:192,20
DA:193,12
DA:194,2
DA:195,10
DA:197,8
DA:203,2
DA:204,0
DA:206,2
DA:208,2
DA:215,0
DA:216,0
DA:218,0
DA:220,0
LF:39
LH:30
end_of_record
TN:
SF:contracts/modules/licensing/LicensingModule.sol
FN:103,LicensingModule.getTotalIpOrgTerms
FN:115,LicensingModule.ipOrgTermsContains
FN:130,LicensingModule.ipOrgTermData
FN:151,LicensingModule.ipOrgTermsAt
FN:165,LicensingModule._verifyExecution
FN:189,LicensingModule._verifyCreateLicense
FN:231,LicensingModule._verifyActivateLicense
FN:251,LicensingModule._verifyBondNftToIpa
FN:272,LicensingModule._performAction
FN:297,LicensingModule._createLicense
FN:336,LicensingModule._getRegistryAddition
FN:366,LicensingModule._activateLicense
FN:381,LicensingModule._getLicensor
FN:409,LicensingModule._getRevoker
FN:420,LicensingModule._configure
FN:447,LicensingModule._setIpOrgFramework
FN:515,LicensingModule._setTerms
FN:563,LicensingModule._getTermsKey
FN:574,LicensingModule._hookRegistryKey
FN:58,LicensingModule.isShareAlikeOn
FN:66,LicensingModule.getLicensorConfig
FN:75,LicensingModule.isLicensorAppovalOn
FN:83,LicensingModule.ipOrgAllowsCommercial
FN:89,LicensingModule.getIpOrgTerms
FNDA:0,LicensingModule.getTotalIpOrgTerms
FNDA:0,LicensingModule.ipOrgTermsContains
FNDA:0,LicensingModule.ipOrgTermData
FNDA:0,LicensingModule.ipOrgTermsAt
FNDA:12,LicensingModule._verifyExecution
FNDA:7,LicensingModule._verifyCreateLicense
FNDA:3,LicensingModule._verifyActivateLicense
FNDA:2,LicensingModule._verifyBondNftToIpa
FNDA:9,LicensingModule._performAction
FNDA:6,LicensingModule._createLicense
FNDA:6,LicensingModule._getRegistryAddition
FNDA:2,LicensingModule._activateLicense
FNDA:6,LicensingModule._getLicensor
FNDA:6,LicensingModule._getRevoker
FNDA:12,LicensingModule._configure
FNDA:12,LicensingModule._setIpOrgFramework
FNDA:17,LicensingModule._setTerms
FNDA:67,LicensingModule._getTermsKey
FNDA:9,LicensingModule._hookRegistryKey
FNDA:1,LicensingModule.isShareAlikeOn
FNDA:1,LicensingModule.getLicensorConfig
FNDA:1,LicensingModule.isLicensorAppovalOn
FNDA:2,LicensingModule.ipOrgAllowsCommercial
FNDA:5,LicensingModule.getIpOrgTerms
FNF:24
FNH:20
DA:62,1
DA:70,1
DA:79,1
DA:84,9
DA:93,5
DA:107,12
DA:120,0
DA:121,0
DA:135,0
DA:136,0
DA:137,0
DA:138,0
DA:139,0
DA:140,0
DA:142,0
DA:156,0
DA:157,0
DA:171,12
DA:172,0
DA:174,12
DA:178,12
DA:179,7
DA:180,5
DA:181,3
DA:182,2
DA:183,2
DA:185,0
DA:194,7
DA:198,7
DA:203,7
DA:204,0
DA:207,7
DA:208,0
DA:211,7
DA:212,3
DA:213,0
DA:217,3
DA:222,2
DA:223,2
DA:225,1
DA:236,3
DA:237,3
DA:240,3
DA:241,1
DA:244,2
DA:245,1
DA:247,0
DA:256,2
DA:260,2
DA:261,1
DA:263,1
DA:264,0
DA:266,1
DA:267,0
DA:277,9
DA:281,9
DA:282,6
DA:283,3
DA:284,2
DA:285,1
DA:286,1
DA:290,1
DA:291,1
DA:293,0
DA:302,6
DA:306,6
DA:311,6
DA:315,6
DA:320,6
DA:322,6
DA:323,4
DA:328,2
DA:333,6
DA:341,6
DA:342,6
DA:343,6
DA:344,6
DA:345,6
DA:346,3
DA:348,6
DA:349,6
DA:371,2
DA:372,2
DA:377,2
DA:388,6
DA:391,6
DA:392,2
DA:393,4
DA:394,4
DA:395,2
DA:396,0
DA:399,2
DA:401,2
DA:404,0
DA:412,6
DA:426,12
DA:430,12
DA:431,12
DA:435,0
DA:452,12
DA:453,1
DA:455,11
DA:457,11
DA:463,11
DA:466,11
DA:467,1
DA:469,10
DA:470,10
DA:471,10
DA:474,10
DA:477,1
DA:479,9
DA:486,8
DA:493,8
DA:495,8
DA:496,8
DA:497,8
DA:498,8
DA:499,8
DA:506,8
DA:522,17
DA:523,17
DA:524,51
DA:525,51
DA:526,0
DA:528,51
DA:531,51
DA:539,1
DA:541,50
DA:542,50
DA:543,10
DA:545,40
DA:547,10
DA:552,30
DA:554,10
DA:558,50
DA:559,50
DA:567,67
DA:579,9
LF:139
LH:115
end_of_record
TN:
SF:contracts/modules/licensing/TermsRepository.sol
FN:100,TermsRepository.categoryForTerm
FN:106,TermsRepository.shortStringCategoryForTerm
FN:112,TermsRepository.getTerm
FN:118,TermsRepository.getTermHook
FN:131,TermsRepository.totalTermsForCategory
FN:139,TermsRepository.termForCategoryAt
FN:151,TermsRepository._verifyCategoryExists
FN:53,TermsRepository.addCategory
FN:59,TermsRepository.removeCategory
FN:65,TermsRepository.totalTermCategories
FN:70,TermsRepository.termCategoryAt
FN:80,TermsRepository.addTerm
FNDA:0,TermsRepository.categoryForTerm
FNDA:0,TermsRepository.shortStringCategoryForTerm
FNDA:56,TermsRepository.getTerm
FNDA:0,TermsRepository.getTermHook
FNDA:0,TermsRepository.totalTermsForCategory
FNDA:0,TermsRepository.termForCategoryAt
FNDA:4,TermsRepository._verifyCategoryExists
FNDA:4,TermsRepository.addCategory
FNDA:0,TermsRepository.removeCategory
FNDA:0,TermsRepository.totalTermCategories
FNDA:0,TermsRepository.termCategoryAt
FNDA:4,TermsRepository.addTerm
FNF:12
FNH:4
DA:54,4
DA:55,4
DA:60,0
DA:61,0
DA:66,0
DA:73,0
DA:86,4
DA:87,4
DA:88,4
DA:89,0
DA:91,4
DA:92,4
DA:93,0
DA:95,4
DA:96,4
DA:97,4
DA:103,0
DA:109,0
DA:115,56
DA:121,0
DA:127,0
DA:128,0
DA:134,0
DA:135,0
DA:136,0
DA:143,0
DA:144,0
DA:145,0
DA:148,0
DA:152,4
DA:153,0
LF:31
LH:12
end_of_record
TN:
SF:contracts/modules/registration/RegistrationModule.sol
FN:133,RegistrationModule.getIPAssetTypes
FN:139,RegistrationModule.ownerOf
FN:147,RegistrationModule._verifyExecution
FN:171,RegistrationModule._configure
FN:189,RegistrationModule._performAction
FN:210,RegistrationModule._registerIPAsset
FN:249,RegistrationModule._transferIPAsset
FN:271,RegistrationModule._transferIPAssetToIPOrg
FN:300,RegistrationModule._addIPAssetTypes
FN:314,RegistrationModule._setMetadata
FN:327,RegistrationModule._verifyConfigCaller
FN:333,RegistrationModule._hookRegistryKey
FN:341,RegistrationModule._generateRegistryKey
FN:55,RegistrationModule.registerHooks
FN:67,RegistrationModule.contractURI
FN:78,RegistrationModule.tokenURI
FNDA:0,RegistrationModule.getIPAssetTypes
FNDA:11,RegistrationModule.ownerOf
FNDA:7,RegistrationModule._verifyExecution
FNDA:6,RegistrationModule._configure
FNDA:7,RegistrationModule._performAction
FNDA:7,RegistrationModule._registerIPAsset
FNDA:0,RegistrationModule._transferIPAsset
FNDA:0,RegistrationModule._transferIPAssetToIPOrg
FNDA:3,RegistrationModule._addIPAssetTypes
FNDA:3,RegistrationModule._setMetadata
FNDA:6,RegistrationModule._verifyConfigCaller
FNDA:7,RegistrationModule._hookRegistryKey
FNDA:8,RegistrationModule._generateRegistryKey
FNDA:1,RegistrationModule.registerHooks
FNDA:0,RegistrationModule.contractURI
FNDA:3,RegistrationModule.tokenURI
FNF:16
FNH:12
DA:61,1
DA:62,1
DA:68,0
DA:69,0
DA:70,0
DA:72,0
DA:79,3
DA:80,3
DA:81,3
DA:82,0
DA:87,3
DA:88,1
DA:91,2
DA:92,2
DA:93,1
DA:96,1
DA:99,1
DA:105,1
DA:110,1
DA:118,1
DA:134,0
DA:140,11
DA:141,11
DA:148,7
DA:150,7
DA:151,0
DA:152,0
DA:153,0
DA:155,7
DA:156,7
DA:157,7
DA:158,0
DA:161,0
DA:172,6
DA:173,6
DA:174,6
DA:175,3
DA:176,3
DA:177,3
DA:178,3
DA:179,3
DA:181,0
DA:183,6
DA:190,7
DA:191,7
DA:192,0
DA:193,0
DA:194,0
DA:195,7
DA:196,7
DA:197,7
DA:198,7
DA:200,0
DA:218,7
DA:225,7
DA:226,7
DA:227,7
DA:228,7
DA:229,7
DA:230,4
DA:232,7
DA:255,0
DA:256,0
DA:257,0
DA:278,0
DA:280,0
DA:282,0
DA:283,0
DA:284,0
DA:285,0
DA:289,0
DA:290,0
DA:291,0
DA:292,0
DA:304,3
DA:305,3
DA:306,4
DA:319,3
DA:320,3
DA:321,3
DA:322,3
DA:328,6
DA:329,0
DA:338,7
DA:342,8
LF:85
LH:55
end_of_record
TN:
SF:contracts/modules/relationships/RelationshipModule.sol
FN:121,RelationshipModule._verifyConfigCaller
FN:139,RelationshipModule.addressConfigFor
FN:161,RelationshipModule._addRelationshipType
FN:190,RelationshipModule._removeRelationshipType
FN:202,RelationshipModule._verifyExecution
FN:234,RelationshipModule._performAction
FN:257,RelationshipModule._hookRegistryKey
FN:266,RelationshipModule._generateRegistryKey
FN:51,RelationshipModule.registerHooks
FN:67,RelationshipModule.getRelationshipType
FN:79,RelationshipModule.getRelationship
FN:88,RelationshipModule.getRelationshipId
FN:93,RelationshipModule.relationshipExists
FN:98,RelationshipModule._configure
FNDA:4,RelationshipModule._verifyConfigCaller
FNDA:6,RelationshipModule.addressConfigFor
FNDA:3,RelationshipModule._addRelationshipType
FNDA:1,RelationshipModule._removeRelationshipType
FNDA:2,RelationshipModule._verifyExecution
FNDA:2,RelationshipModule._performAction
FNDA:2,RelationshipModule._hookRegistryKey
FNDA:2,RelationshipModule._generateRegistryKey
FNDA:0,RelationshipModule.registerHooks
FNDA:2,RelationshipModule.getRelationshipType
FNDA:2,RelationshipModule.getRelationship
FNDA:1,RelationshipModule.getRelationshipId
FNDA:0,RelationshipModule.relationshipExists
FNDA:4,RelationshipModule._configure
FNF:14
FNH:12
DA:58,0
DA:59,0
DA:68,4
DA:69,3
DA:71,1
DA:73,4
DA:74,1
DA:80,2
DA:89,1
DA:94,0
DA:103,4
DA:104,4
DA:105,4
DA:106,3
DA:107,1
DA:108,1
DA:109,1
DA:111,0
DA:113,4
DA:122,4
DA:123,3
DA:124,0
DA:127,1
DA:128,0
DA:144,6
DA:145,0
DA:146,6
DA:147,0
DA:148,6
DA:149,0
DA:150,6
DA:151,6
DA:152,0
DA:153,0
DA:155,0
DA:162,3
DA:163,3
DA:164,3
DA:170,3
DA:171,2
DA:173,1
DA:175,3
DA:191,1
DA:192,1
DA:194,0
DA:196,1
DA:203,2
DA:204,2
DA:206,2
DA:207,0
DA:209,2
DA:210,0
DA:211,0
DA:214,2
DA:215,0
DA:218,2
DA:219,0
DA:221,2
DA:222,0
DA:223,0
DA:226,2
DA:227,0
DA:235,2
DA:236,2
DA:237,2
DA:244,2
DA:245,2
DA:246,2
DA:254,2
DA:262,2
DA:263,2
DA:267,2
LF:72
LH:51
end_of_record
TN:
SF:contracts/utils/FixedSet.sol
FN:105,FixedSet.add
FN:112,FixedSet.contains
FN:119,FixedSet.length
FN:133,FixedSet.at
FN:140,FixedSet.indexOf
FN:152,FixedSet.values
FN:30,FixedSet._add
FN:45,FixedSet._contains
FN:52,FixedSet._length
FN:59,FixedSet._indexOf
FN:74,FixedSet._at
FN:86,FixedSet._values
FNDA:0,FixedSet.add
FNDA:0,FixedSet.contains
FNDA:0,FixedSet.length
FNDA:0,FixedSet.at
FNDA:0,FixedSet.indexOf
FNDA:0,FixedSet.values
FNDA:0,FixedSet._add
FNDA:0,FixedSet._contains
FNDA:0,FixedSet._length
FNDA:0,FixedSet._indexOf
FNDA:0,FixedSet._at
FNDA:0,FixedSet._values
FNF:12
FNH:0
DA:31,0
DA:32,0
DA:35,0
DA:36,0
DA:38,0
DA:46,0
DA:53,0
DA:60,0
DA:61,0
DA:75,0
DA:87,0
DA:106,0
DA:113,0
DA:120,0
DA:134,0
DA:141,0
DA:153,0
DA:154,0
DA:158,0
DA:161,0
DA:180,0
DA:187,0
DA:194,0
DA:208,0
DA:215,0
DA:227,0
DA:228,0
DA:232,0
DA:235,0
DA:253,0
DA:260,0
DA:267,0
DA:281,0
DA:288,0
DA:300,0
DA:301,0
DA:305,0
DA:308,0
DA:326,0
DA:333,0
DA:340,0
DA:354,0
DA:361,0
DA:374,0
DA:375,0
DA:379,0
DA:382,0
LF:47
LH:0
end_of_record
TN:
SF:contracts/utils/LibDuration.sol
FN:16,LibDuration.isActive
FN:20,LibDuration.renew
FN:28,LibDuration.createRunningTimeConfig
FN:37,LibDuration.isRenewable
FN:41,LibDuration.createStoppedTimeConfig
FNDA:0,LibDuration.isActive
FNDA:0,LibDuration.renew
FNDA:0,LibDuration.createRunningTimeConfig
FNDA:0,LibDuration.isRenewable
FNDA:0,LibDuration.createStoppedTimeConfig
FNF:5
FNH:0
DA:17,0
DA:21,0
DA:22,0
DA:23,0
DA:24,0
DA:25,0
DA:29,0
DA:30,0
DA:38,0
DA:42,0
DA:43,0
LF:11
LH:0
end_of_record
TN:
SF:contracts/utils/ShortStringOps.sol
FN:9,ShortStringOps._equal
FNDA:240,ShortStringOps._equal
FNF:1
FNH:1
DA:13,120
DA:20,120
DA:27,0
DA:34,0
DA:41,0
DA:48,0
LF:6
LH:2
end_of_record
